=== RUN   TestSimpleDone
--- PASS: TestSimpleDone (0.41s)
=== RUN   TestSimpleWaitDone
--- PASS: TestSimpleWaitDone (3.01s)
=== RUN   TestAddRequests
--- PASS: TestAddRequests (20.28s)
=== RUN   TestSimpleAddRequest
--- PASS: TestSimpleAddRequest (1.01s)
=== RUN   TestSimpleContainsRequest
--- PASS: TestSimpleContainsRequest (6.43s)
=== RUN   TestAddWithContainsRequest
--- PASS: TestAddWithContainsRequest (12.33s)
=== RUN   TestSimpleFeedRequest
--- PASS: TestSimpleFeedRequest (0.33s)
=== RUN   TestSimpleAddAndFeedRequest
--- PASS: TestSimpleAddAndFeedRequest (0.30s)
=== RUN   TestSimpleRemoveRequest
--- PASS: TestSimpleRemoveRequest (6.27s)
=== RUN   TestAllRequestsXtraSmall
--- PASS: TestAllRequestsXtraSmall (0.30s)
=== RUN   TestAllRequestsSmall
--- PASS: TestAllRequestsSmall (0.27s)
=== RUN   TestAllRequestsMedium
--- PASS: TestAllRequestsMedium (1.13s)
=== RUN   TestAllRequestsLarge
--- PASS: TestAllRequestsLarge (4.42s)
=== RUN   TestAllRequestsXtraLarge
--- PASS: TestAllRequestsXtraLarge (56.00s)
PASS
ok  	proj2/twitter	112.512s
